<?xml version="1.0" encoding="UTF-8"?>
<?totaltestVersion 18.2.5.v20180129-1916_48?>
<!--Topaz for Total Test 18.2.5.v20180129-1916_48 Feb 26, 2018 7:55:27 AM-->
<testsuites>
  <testsuite errors="0" failures="0" name="Project: 'CWCC_TTT_DNKTDB2X_Project_Stubs' Scenario: 'DNKTDB2X_Scenario_1' Testcase: 'DNKTDB2XCase1'" tests="232">
    <testcase classname="Project: 'CWCC_TTT_DNKTDB2X_Project_Stubs' Scenario: 'DNKTDB2X_Scenario_1' Testcase: 'DNKTDB2XCase1'" name="Check for PARM_LTH"/>
    <testcase classname="Project: 'CWCC_TTT_DNKTDB2X_Project_Stubs' Scenario: 'DNKTDB2X_Scenario_1' Testcase: 'DNKTDB2XCase1'" name="Check for PARM_DATA"/>
    <testcase classname="Project: 'CWCC_TTT_DNKTDB2X_Project_Stubs' Scenario: 'DNKTDB2X_Scenario_1' Testcase: 'DNKTDB2XCase1'" name="Check for GRAND_TOTAL"/>
    <testcase classname="Project: 'CWCC_TTT_DNKTDB2X_Project_Stubs' Scenario: 'DNKTDB2X_Scenario_1' Testcase: 'DNKTDB2XCase1'" name="Check for TOTAL_RECORD"/>
  </testsuite>
  <testsuite name="Stub Assertions: DNKTDB2X_RPTFILE_WRITE_01">
    <testcase classname="Unit%20Test/Stubs/DNKTDB2X_RPTFILE_WRITE_01.stub.Unit%20Test/Stubs/DNKTDB2X_RPTFILE_WRITE_01.stub.0" name="Record 1: Check for BLANK_LINE"/>
    <testcase classname="Unit%20Test/Stubs/DNKTDB2X_RPTFILE_WRITE_01.stub.Unit%20Test/Stubs/DNKTDB2X_RPTFILE_WRITE_01.stub.1" name="Record 2: Check for BLANK_LINE"/>
    <testcase classname="Unit%20Test/Stubs/DNKTDB2X_RPTFILE_WRITE_01.stub.Unit%20Test/Stubs/DNKTDB2X_RPTFILE_WRITE_01.stub.2" name="Record 3: Check for BLANK_LINE"/>
    <testcase classname="Unit%20Test/Stubs/DNKTDB2X_RPTFILE_WRITE_01.stub.Unit%20Test/Stubs/DNKTDB2X_RPTFILE_WRITE_01.stub.3" name="Record 4: Check for FILLER0"/>
    <testcase classname="Unit%20Test/Stubs/DNKTDB2X_RPTFILE_WRITE_01.stub.Unit%20Test/Stubs/DNKTDB2X_RPTFILE_WRITE_01.stub.3" name="Record 4: Check for FILLER1"/>
    <testcase classname="Unit%20Test/Stubs/DNKTDB2X_RPTFILE_WRITE_01.stub.Unit%20Test/Stubs/DNKTDB2X_RPTFILE_WRITE_01.stub.3" name="Record 4: Check for FILLER4"/>
    <testcase classname="Unit%20Test/Stubs/DNKTDB2X_RPTFILE_WRITE_01.stub.Unit%20Test/Stubs/DNKTDB2X_RPTFILE_WRITE_01.stub.3" name="Record 4: Check for FILLER5"/>
    <testcase classname="Unit%20Test/Stubs/DNKTDB2X_RPTFILE_WRITE_01.stub.Unit%20Test/Stubs/DNKTDB2X_RPTFILE_WRITE_01.stub.3" name="Record 4: Check for FILLER6"/>
    <testcase classname="Unit%20Test/Stubs/DNKTDB2X_RPTFILE_WRITE_01.stub.Unit%20Test/Stubs/DNKTDB2X_RPTFILE_WRITE_01.stub.3" name="Record 4: Check for FILLER7"/>
    <testcase classname="Unit%20Test/Stubs/DNKTDB2X_RPTFILE_WRITE_01.stub.Unit%20Test/Stubs/DNKTDB2X_RPTFILE_WRITE_01.stub.3" name="Record 4: Check for EMP_PAGE"/>
    <testcase classname="Unit%20Test/Stubs/DNKTDB2X_RPTFILE_WRITE_01.stub.Unit%20Test/Stubs/DNKTDB2X_RPTFILE_WRITE_01.stub.4" name="Record 5: Check for BLANK_LINE"/>
    <testcase classname="Unit%20Test/Stubs/DNKTDB2X_RPTFILE_WRITE_01.stub.Unit%20Test/Stubs/DNKTDB2X_RPTFILE_WRITE_01.stub.5" name="Record 6: Check for BLANK_LINE"/>
    <testcase classname="Unit%20Test/Stubs/DNKTDB2X_RPTFILE_WRITE_01.stub.Unit%20Test/Stubs/DNKTDB2X_RPTFILE_WRITE_01.stub.6" name="Record 7: Check for FILLER0"/>
    <testcase classname="Unit%20Test/Stubs/DNKTDB2X_RPTFILE_WRITE_01.stub.Unit%20Test/Stubs/DNKTDB2X_RPTFILE_WRITE_01.stub.6" name="Record 7: Check for FILLER1"/>
    <testcase classname="Unit%20Test/Stubs/DNKTDB2X_RPTFILE_WRITE_01.stub.Unit%20Test/Stubs/DNKTDB2X_RPTFILE_WRITE_01.stub.6" name="Record 7: Check for FILLER2"/>
    <testcase classname="Unit%20Test/Stubs/DNKTDB2X_RPTFILE_WRITE_01.stub.Unit%20Test/Stubs/DNKTDB2X_RPTFILE_WRITE_01.stub.6" name="Record 7: Check for FILLER3"/>
    <testcase classname="Unit%20Test/Stubs/DNKTDB2X_RPTFILE_WRITE_01.stub.Unit%20Test/Stubs/DNKTDB2X_RPTFILE_WRITE_01.stub.6" name="Record 7: Check for FILLER4"/>
    <testcase classname="Unit%20Test/Stubs/DNKTDB2X_RPTFILE_WRITE_01.stub.Unit%20Test/Stubs/DNKTDB2X_RPTFILE_WRITE_01.stub.7" name="Record 8: Check for FILLER0"/>
    <testcase classname="Unit%20Test/Stubs/DNKTDB2X_RPTFILE_WRITE_01.stub.Unit%20Test/Stubs/DNKTDB2X_RPTFILE_WRITE_01.stub.7" name="Record 8: Check for FILLER1"/>
    <testcase classname="Unit%20Test/Stubs/DNKTDB2X_RPTFILE_WRITE_01.stub.Unit%20Test/Stubs/DNKTDB2X_RPTFILE_WRITE_01.stub.7" name="Record 8: Check for FILLER2"/>
    <testcase classname="Unit%20Test/Stubs/DNKTDB2X_RPTFILE_WRITE_01.stub.Unit%20Test/Stubs/DNKTDB2X_RPTFILE_WRITE_01.stub.7" name="Record 8: Check for FILLER3"/>
    <testcase classname="Unit%20Test/Stubs/DNKTDB2X_RPTFILE_WRITE_01.stub.Unit%20Test/Stubs/DNKTDB2X_RPTFILE_WRITE_01.stub.7" name="Record 8: Check for FILLER4"/>
    <testcase classname="Unit%20Test/Stubs/DNKTDB2X_RPTFILE_WRITE_01.stub.Unit%20Test/Stubs/DNKTDB2X_RPTFILE_WRITE_01.stub.7" name="Record 8: Check for FILLER5"/>
    <testcase classname="Unit%20Test/Stubs/DNKTDB2X_RPTFILE_WRITE_01.stub.Unit%20Test/Stubs/DNKTDB2X_RPTFILE_WRITE_01.stub.7" name="Record 8: Check for FILLER6"/>
    <testcase classname="Unit%20Test/Stubs/DNKTDB2X_RPTFILE_WRITE_01.stub.Unit%20Test/Stubs/DNKTDB2X_RPTFILE_WRITE_01.stub.7" name="Record 8: Check for FILLER7"/>
    <testcase classname="Unit%20Test/Stubs/DNKTDB2X_RPTFILE_WRITE_01.stub.Unit%20Test/Stubs/DNKTDB2X_RPTFILE_WRITE_01.stub.7" name="Record 8: Check for FILLER8"/>
    <testcase classname="Unit%20Test/Stubs/DNKTDB2X_RPTFILE_WRITE_01.stub.Unit%20Test/Stubs/DNKTDB2X_RPTFILE_WRITE_01.stub.7" name="Record 8: Check for FILLER9"/>
    <testcase classname="Unit%20Test/Stubs/DNKTDB2X_RPTFILE_WRITE_01.stub.Unit%20Test/Stubs/DNKTDB2X_RPTFILE_WRITE_01.stub.7" name="Record 8: Check for FILLER10"/>
    <testcase classname="Unit%20Test/Stubs/DNKTDB2X_RPTFILE_WRITE_01.stub.Unit%20Test/Stubs/DNKTDB2X_RPTFILE_WRITE_01.stub.7" name="Record 8: Check for FILLER11"/>
    <testcase classname="Unit%20Test/Stubs/DNKTDB2X_RPTFILE_WRITE_01.stub.Unit%20Test/Stubs/DNKTDB2X_RPTFILE_WRITE_01.stub.7" name="Record 8: Check for FILLER12"/>
    <testcase classname="Unit%20Test/Stubs/DNKTDB2X_RPTFILE_WRITE_01.stub.Unit%20Test/Stubs/DNKTDB2X_RPTFILE_WRITE_01.stub.7" name="Record 8: Check for FILLER13"/>
    <testcase classname="Unit%20Test/Stubs/DNKTDB2X_RPTFILE_WRITE_01.stub.Unit%20Test/Stubs/DNKTDB2X_RPTFILE_WRITE_01.stub.7" name="Record 8: Check for FILLER14"/>
    <testcase classname="Unit%20Test/Stubs/DNKTDB2X_RPTFILE_WRITE_01.stub.Unit%20Test/Stubs/DNKTDB2X_RPTFILE_WRITE_01.stub.7" name="Record 8: Check for FILLER15"/>
    <testcase classname="Unit%20Test/Stubs/DNKTDB2X_RPTFILE_WRITE_01.stub.Unit%20Test/Stubs/DNKTDB2X_RPTFILE_WRITE_01.stub.7" name="Record 8: Check for FILLER16"/>
    <testcase classname="Unit%20Test/Stubs/DNKTDB2X_RPTFILE_WRITE_01.stub.Unit%20Test/Stubs/DNKTDB2X_RPTFILE_WRITE_01.stub.7" name="Record 8: Check for FILLER17"/>
    <testcase classname="Unit%20Test/Stubs/DNKTDB2X_RPTFILE_WRITE_01.stub.Unit%20Test/Stubs/DNKTDB2X_RPTFILE_WRITE_01.stub.8" name="Record 9: Check for BLANK_LINE"/>
    <testcase classname="Unit%20Test/Stubs/DNKTDB2X_RPTFILE_WRITE_01.stub.Unit%20Test/Stubs/DNKTDB2X_RPTFILE_WRITE_01.stub.9" name="Record 10: Check for FILLER0"/>
    <testcase classname="Unit%20Test/Stubs/DNKTDB2X_RPTFILE_WRITE_01.stub.Unit%20Test/Stubs/DNKTDB2X_RPTFILE_WRITE_01.stub.9" name="Record 10: Check for EMP_DTL_NAME"/>
    <testcase classname="Unit%20Test/Stubs/DNKTDB2X_RPTFILE_WRITE_01.stub.Unit%20Test/Stubs/DNKTDB2X_RPTFILE_WRITE_01.stub.9" name="Record 10: Check for FILLER1"/>
    <testcase classname="Unit%20Test/Stubs/DNKTDB2X_RPTFILE_WRITE_01.stub.Unit%20Test/Stubs/DNKTDB2X_RPTFILE_WRITE_01.stub.9" name="Record 10: Check for EMP_DTL_REGION"/>
    <testcase classname="Unit%20Test/Stubs/DNKTDB2X_RPTFILE_WRITE_01.stub.Unit%20Test/Stubs/DNKTDB2X_RPTFILE_WRITE_01.stub.9" name="Record 10: Check for FILLER2"/>
    <testcase classname="Unit%20Test/Stubs/DNKTDB2X_RPTFILE_WRITE_01.stub.Unit%20Test/Stubs/DNKTDB2X_RPTFILE_WRITE_01.stub.9" name="Record 10: Check for EMP_DTL_TYPE"/>
    <testcase classname="Unit%20Test/Stubs/DNKTDB2X_RPTFILE_WRITE_01.stub.Unit%20Test/Stubs/DNKTDB2X_RPTFILE_WRITE_01.stub.9" name="Record 10: Check for FILLER3"/>
    <testcase classname="Unit%20Test/Stubs/DNKTDB2X_RPTFILE_WRITE_01.stub.Unit%20Test/Stubs/DNKTDB2X_RPTFILE_WRITE_01.stub.9" name="Record 10: Check for EMP_DTL_HIRE_MM"/>
    <testcase classname="Unit%20Test/Stubs/DNKTDB2X_RPTFILE_WRITE_01.stub.Unit%20Test/Stubs/DNKTDB2X_RPTFILE_WRITE_01.stub.9" name="Record 10: Check for EMP_DTL_SLASH1"/>
    <testcase classname="Unit%20Test/Stubs/DNKTDB2X_RPTFILE_WRITE_01.stub.Unit%20Test/Stubs/DNKTDB2X_RPTFILE_WRITE_01.stub.9" name="Record 10: Check for EMP_DTL_HIRE_DD"/>
    <testcase classname="Unit%20Test/Stubs/DNKTDB2X_RPTFILE_WRITE_01.stub.Unit%20Test/Stubs/DNKTDB2X_RPTFILE_WRITE_01.stub.9" name="Record 10: Check for EMP_DTL_SLASH2"/>
    <testcase classname="Unit%20Test/Stubs/DNKTDB2X_RPTFILE_WRITE_01.stub.Unit%20Test/Stubs/DNKTDB2X_RPTFILE_WRITE_01.stub.9" name="Record 10: Check for EMP_DTL_HIRE_YY"/>
    <testcase classname="Unit%20Test/Stubs/DNKTDB2X_RPTFILE_WRITE_01.stub.Unit%20Test/Stubs/DNKTDB2X_RPTFILE_WRITE_01.stub.9" name="Record 10: Check for FILLER4"/>
    <testcase classname="Unit%20Test/Stubs/DNKTDB2X_RPTFILE_WRITE_01.stub.Unit%20Test/Stubs/DNKTDB2X_RPTFILE_WRITE_01.stub.9" name="Record 10: Check for EMP_DTL_YRS_OF_SERVICE"/>
    <testcase classname="Unit%20Test/Stubs/DNKTDB2X_RPTFILE_WRITE_01.stub.Unit%20Test/Stubs/DNKTDB2X_RPTFILE_WRITE_01.stub.9" name="Record 10: Check for FILLER5"/>
    <testcase classname="Unit%20Test/Stubs/DNKTDB2X_RPTFILE_WRITE_01.stub.Unit%20Test/Stubs/DNKTDB2X_RPTFILE_WRITE_01.stub.9" name="Record 10: Check for EMP_DTL_WAGES"/>
    <testcase classname="Unit%20Test/Stubs/DNKTDB2X_RPTFILE_WRITE_01.stub.Unit%20Test/Stubs/DNKTDB2X_RPTFILE_WRITE_01.stub.9" name="Record 10: Check for FILLER6"/>
    <testcase classname="Unit%20Test/Stubs/DNKTDB2X_RPTFILE_WRITE_01.stub.Unit%20Test/Stubs/DNKTDB2X_RPTFILE_WRITE_01.stub.9" name="Record 10: Check for EMP_DTL_OT"/>
    <testcase classname="Unit%20Test/Stubs/DNKTDB2X_RPTFILE_WRITE_01.stub.Unit%20Test/Stubs/DNKTDB2X_RPTFILE_WRITE_01.stub.9" name="Record 10: Check for FILLER7"/>
    <testcase classname="Unit%20Test/Stubs/DNKTDB2X_RPTFILE_WRITE_01.stub.Unit%20Test/Stubs/DNKTDB2X_RPTFILE_WRITE_01.stub.9" name="Record 10: Check for EMP_DTL_COMM"/>
    <testcase classname="Unit%20Test/Stubs/DNKTDB2X_RPTFILE_WRITE_01.stub.Unit%20Test/Stubs/DNKTDB2X_RPTFILE_WRITE_01.stub.9" name="Record 10: Check for FILLER8"/>
    <testcase classname="Unit%20Test/Stubs/DNKTDB2X_RPTFILE_WRITE_01.stub.Unit%20Test/Stubs/DNKTDB2X_RPTFILE_WRITE_01.stub.9" name="Record 10: Check for EMP_DTL_TOTAL"/>
    <testcase classname="Unit%20Test/Stubs/DNKTDB2X_RPTFILE_WRITE_01.stub.Unit%20Test/Stubs/DNKTDB2X_RPTFILE_WRITE_01.stub.10" name="Record 11: Check for FILLER0"/>
    <testcase classname="Unit%20Test/Stubs/DNKTDB2X_RPTFILE_WRITE_01.stub.Unit%20Test/Stubs/DNKTDB2X_RPTFILE_WRITE_01.stub.10" name="Record 11: Check for EMP_DTL_NAME"/>
    <testcase classname="Unit%20Test/Stubs/DNKTDB2X_RPTFILE_WRITE_01.stub.Unit%20Test/Stubs/DNKTDB2X_RPTFILE_WRITE_01.stub.10" name="Record 11: Check for FILLER1"/>
    <testcase classname="Unit%20Test/Stubs/DNKTDB2X_RPTFILE_WRITE_01.stub.Unit%20Test/Stubs/DNKTDB2X_RPTFILE_WRITE_01.stub.10" name="Record 11: Check for EMP_DTL_REGION"/>
    <testcase classname="Unit%20Test/Stubs/DNKTDB2X_RPTFILE_WRITE_01.stub.Unit%20Test/Stubs/DNKTDB2X_RPTFILE_WRITE_01.stub.10" name="Record 11: Check for FILLER2"/>
    <testcase classname="Unit%20Test/Stubs/DNKTDB2X_RPTFILE_WRITE_01.stub.Unit%20Test/Stubs/DNKTDB2X_RPTFILE_WRITE_01.stub.10" name="Record 11: Check for EMP_DTL_TYPE"/>
    <testcase classname="Unit%20Test/Stubs/DNKTDB2X_RPTFILE_WRITE_01.stub.Unit%20Test/Stubs/DNKTDB2X_RPTFILE_WRITE_01.stub.10" name="Record 11: Check for FILLER3"/>
    <testcase classname="Unit%20Test/Stubs/DNKTDB2X_RPTFILE_WRITE_01.stub.Unit%20Test/Stubs/DNKTDB2X_RPTFILE_WRITE_01.stub.10" name="Record 11: Check for EMP_DTL_HIRE_MM"/>
    <testcase classname="Unit%20Test/Stubs/DNKTDB2X_RPTFILE_WRITE_01.stub.Unit%20Test/Stubs/DNKTDB2X_RPTFILE_WRITE_01.stub.10" name="Record 11: Check for EMP_DTL_SLASH1"/>
    <testcase classname="Unit%20Test/Stubs/DNKTDB2X_RPTFILE_WRITE_01.stub.Unit%20Test/Stubs/DNKTDB2X_RPTFILE_WRITE_01.stub.10" name="Record 11: Check for EMP_DTL_HIRE_DD"/>
    <testcase classname="Unit%20Test/Stubs/DNKTDB2X_RPTFILE_WRITE_01.stub.Unit%20Test/Stubs/DNKTDB2X_RPTFILE_WRITE_01.stub.10" name="Record 11: Check for EMP_DTL_SLASH2"/>
    <testcase classname="Unit%20Test/Stubs/DNKTDB2X_RPTFILE_WRITE_01.stub.Unit%20Test/Stubs/DNKTDB2X_RPTFILE_WRITE_01.stub.10" name="Record 11: Check for EMP_DTL_HIRE_YY"/>
    <testcase classname="Unit%20Test/Stubs/DNKTDB2X_RPTFILE_WRITE_01.stub.Unit%20Test/Stubs/DNKTDB2X_RPTFILE_WRITE_01.stub.10" name="Record 11: Check for FILLER4"/>
    <testcase classname="Unit%20Test/Stubs/DNKTDB2X_RPTFILE_WRITE_01.stub.Unit%20Test/Stubs/DNKTDB2X_RPTFILE_WRITE_01.stub.10" name="Record 11: Check for EMP_DTL_YRS_OF_SERVICE"/>
    <testcase classname="Unit%20Test/Stubs/DNKTDB2X_RPTFILE_WRITE_01.stub.Unit%20Test/Stubs/DNKTDB2X_RPTFILE_WRITE_01.stub.10" name="Record 11: Check for FILLER5"/>
    <testcase classname="Unit%20Test/Stubs/DNKTDB2X_RPTFILE_WRITE_01.stub.Unit%20Test/Stubs/DNKTDB2X_RPTFILE_WRITE_01.stub.10" name="Record 11: Check for EMP_DTL_WAGES"/>
    <testcase classname="Unit%20Test/Stubs/DNKTDB2X_RPTFILE_WRITE_01.stub.Unit%20Test/Stubs/DNKTDB2X_RPTFILE_WRITE_01.stub.10" name="Record 11: Check for FILLER6"/>
    <testcase classname="Unit%20Test/Stubs/DNKTDB2X_RPTFILE_WRITE_01.stub.Unit%20Test/Stubs/DNKTDB2X_RPTFILE_WRITE_01.stub.10" name="Record 11: Check for EMP_DTL_OT"/>
    <testcase classname="Unit%20Test/Stubs/DNKTDB2X_RPTFILE_WRITE_01.stub.Unit%20Test/Stubs/DNKTDB2X_RPTFILE_WRITE_01.stub.10" name="Record 11: Check for FILLER7"/>
    <testcase classname="Unit%20Test/Stubs/DNKTDB2X_RPTFILE_WRITE_01.stub.Unit%20Test/Stubs/DNKTDB2X_RPTFILE_WRITE_01.stub.10" name="Record 11: Check for EMP_DTL_COMM"/>
    <testcase classname="Unit%20Test/Stubs/DNKTDB2X_RPTFILE_WRITE_01.stub.Unit%20Test/Stubs/DNKTDB2X_RPTFILE_WRITE_01.stub.10" name="Record 11: Check for FILLER8"/>
    <testcase classname="Unit%20Test/Stubs/DNKTDB2X_RPTFILE_WRITE_01.stub.Unit%20Test/Stubs/DNKTDB2X_RPTFILE_WRITE_01.stub.10" name="Record 11: Check for EMP_DTL_TOTAL"/>
    <testcase classname="Unit%20Test/Stubs/DNKTDB2X_RPTFILE_WRITE_01.stub.Unit%20Test/Stubs/DNKTDB2X_RPTFILE_WRITE_01.stub.11" name="Record 12: Check for FILLER0"/>
    <testcase classname="Unit%20Test/Stubs/DNKTDB2X_RPTFILE_WRITE_01.stub.Unit%20Test/Stubs/DNKTDB2X_RPTFILE_WRITE_01.stub.11" name="Record 12: Check for EMP_DTL_NAME"/>
    <testcase classname="Unit%20Test/Stubs/DNKTDB2X_RPTFILE_WRITE_01.stub.Unit%20Test/Stubs/DNKTDB2X_RPTFILE_WRITE_01.stub.11" name="Record 12: Check for FILLER1"/>
    <testcase classname="Unit%20Test/Stubs/DNKTDB2X_RPTFILE_WRITE_01.stub.Unit%20Test/Stubs/DNKTDB2X_RPTFILE_WRITE_01.stub.11" name="Record 12: Check for EMP_DTL_REGION"/>
    <testcase classname="Unit%20Test/Stubs/DNKTDB2X_RPTFILE_WRITE_01.stub.Unit%20Test/Stubs/DNKTDB2X_RPTFILE_WRITE_01.stub.11" name="Record 12: Check for FILLER2"/>
    <testcase classname="Unit%20Test/Stubs/DNKTDB2X_RPTFILE_WRITE_01.stub.Unit%20Test/Stubs/DNKTDB2X_RPTFILE_WRITE_01.stub.11" name="Record 12: Check for EMP_DTL_TYPE"/>
    <testcase classname="Unit%20Test/Stubs/DNKTDB2X_RPTFILE_WRITE_01.stub.Unit%20Test/Stubs/DNKTDB2X_RPTFILE_WRITE_01.stub.11" name="Record 12: Check for FILLER3"/>
    <testcase classname="Unit%20Test/Stubs/DNKTDB2X_RPTFILE_WRITE_01.stub.Unit%20Test/Stubs/DNKTDB2X_RPTFILE_WRITE_01.stub.11" name="Record 12: Check for EMP_DTL_HIRE_MM"/>
    <testcase classname="Unit%20Test/Stubs/DNKTDB2X_RPTFILE_WRITE_01.stub.Unit%20Test/Stubs/DNKTDB2X_RPTFILE_WRITE_01.stub.11" name="Record 12: Check for EMP_DTL_SLASH1"/>
    <testcase classname="Unit%20Test/Stubs/DNKTDB2X_RPTFILE_WRITE_01.stub.Unit%20Test/Stubs/DNKTDB2X_RPTFILE_WRITE_01.stub.11" name="Record 12: Check for EMP_DTL_HIRE_DD"/>
    <testcase classname="Unit%20Test/Stubs/DNKTDB2X_RPTFILE_WRITE_01.stub.Unit%20Test/Stubs/DNKTDB2X_RPTFILE_WRITE_01.stub.11" name="Record 12: Check for EMP_DTL_SLASH2"/>
    <testcase classname="Unit%20Test/Stubs/DNKTDB2X_RPTFILE_WRITE_01.stub.Unit%20Test/Stubs/DNKTDB2X_RPTFILE_WRITE_01.stub.11" name="Record 12: Check for EMP_DTL_HIRE_YY"/>
    <testcase classname="Unit%20Test/Stubs/DNKTDB2X_RPTFILE_WRITE_01.stub.Unit%20Test/Stubs/DNKTDB2X_RPTFILE_WRITE_01.stub.11" name="Record 12: Check for FILLER4"/>
    <testcase classname="Unit%20Test/Stubs/DNKTDB2X_RPTFILE_WRITE_01.stub.Unit%20Test/Stubs/DNKTDB2X_RPTFILE_WRITE_01.stub.11" name="Record 12: Check for EMP_DTL_YRS_OF_SERVICE"/>
    <testcase classname="Unit%20Test/Stubs/DNKTDB2X_RPTFILE_WRITE_01.stub.Unit%20Test/Stubs/DNKTDB2X_RPTFILE_WRITE_01.stub.11" name="Record 12: Check for FILLER5"/>
    <testcase classname="Unit%20Test/Stubs/DNKTDB2X_RPTFILE_WRITE_01.stub.Unit%20Test/Stubs/DNKTDB2X_RPTFILE_WRITE_01.stub.11" name="Record 12: Check for EMP_DTL_WAGES"/>
    <testcase classname="Unit%20Test/Stubs/DNKTDB2X_RPTFILE_WRITE_01.stub.Unit%20Test/Stubs/DNKTDB2X_RPTFILE_WRITE_01.stub.11" name="Record 12: Check for FILLER6"/>
    <testcase classname="Unit%20Test/Stubs/DNKTDB2X_RPTFILE_WRITE_01.stub.Unit%20Test/Stubs/DNKTDB2X_RPTFILE_WRITE_01.stub.11" name="Record 12: Check for EMP_DTL_OT"/>
    <testcase classname="Unit%20Test/Stubs/DNKTDB2X_RPTFILE_WRITE_01.stub.Unit%20Test/Stubs/DNKTDB2X_RPTFILE_WRITE_01.stub.11" name="Record 12: Check for FILLER7"/>
    <testcase classname="Unit%20Test/Stubs/DNKTDB2X_RPTFILE_WRITE_01.stub.Unit%20Test/Stubs/DNKTDB2X_RPTFILE_WRITE_01.stub.11" name="Record 12: Check for EMP_DTL_COMM"/>
    <testcase classname="Unit%20Test/Stubs/DNKTDB2X_RPTFILE_WRITE_01.stub.Unit%20Test/Stubs/DNKTDB2X_RPTFILE_WRITE_01.stub.11" name="Record 12: Check for FILLER8"/>
    <testcase classname="Unit%20Test/Stubs/DNKTDB2X_RPTFILE_WRITE_01.stub.Unit%20Test/Stubs/DNKTDB2X_RPTFILE_WRITE_01.stub.11" name="Record 12: Check for EMP_DTL_TOTAL"/>
    <testcase classname="Unit%20Test/Stubs/DNKTDB2X_RPTFILE_WRITE_01.stub.Unit%20Test/Stubs/DNKTDB2X_RPTFILE_WRITE_01.stub.12" name="Record 13: Check for FILLER0"/>
    <testcase classname="Unit%20Test/Stubs/DNKTDB2X_RPTFILE_WRITE_01.stub.Unit%20Test/Stubs/DNKTDB2X_RPTFILE_WRITE_01.stub.12" name="Record 13: Check for EMP_DTL_NAME"/>
    <testcase classname="Unit%20Test/Stubs/DNKTDB2X_RPTFILE_WRITE_01.stub.Unit%20Test/Stubs/DNKTDB2X_RPTFILE_WRITE_01.stub.12" name="Record 13: Check for FILLER1"/>
    <testcase classname="Unit%20Test/Stubs/DNKTDB2X_RPTFILE_WRITE_01.stub.Unit%20Test/Stubs/DNKTDB2X_RPTFILE_WRITE_01.stub.12" name="Record 13: Check for EMP_DTL_REGION"/>
    <testcase classname="Unit%20Test/Stubs/DNKTDB2X_RPTFILE_WRITE_01.stub.Unit%20Test/Stubs/DNKTDB2X_RPTFILE_WRITE_01.stub.12" name="Record 13: Check for FILLER2"/>
    <testcase classname="Unit%20Test/Stubs/DNKTDB2X_RPTFILE_WRITE_01.stub.Unit%20Test/Stubs/DNKTDB2X_RPTFILE_WRITE_01.stub.12" name="Record 13: Check for EMP_DTL_TYPE"/>
    <testcase classname="Unit%20Test/Stubs/DNKTDB2X_RPTFILE_WRITE_01.stub.Unit%20Test/Stubs/DNKTDB2X_RPTFILE_WRITE_01.stub.12" name="Record 13: Check for FILLER3"/>
    <testcase classname="Unit%20Test/Stubs/DNKTDB2X_RPTFILE_WRITE_01.stub.Unit%20Test/Stubs/DNKTDB2X_RPTFILE_WRITE_01.stub.12" name="Record 13: Check for EMP_DTL_HIRE_MM"/>
    <testcase classname="Unit%20Test/Stubs/DNKTDB2X_RPTFILE_WRITE_01.stub.Unit%20Test/Stubs/DNKTDB2X_RPTFILE_WRITE_01.stub.12" name="Record 13: Check for EMP_DTL_SLASH1"/>
    <testcase classname="Unit%20Test/Stubs/DNKTDB2X_RPTFILE_WRITE_01.stub.Unit%20Test/Stubs/DNKTDB2X_RPTFILE_WRITE_01.stub.12" name="Record 13: Check for EMP_DTL_HIRE_DD"/>
    <testcase classname="Unit%20Test/Stubs/DNKTDB2X_RPTFILE_WRITE_01.stub.Unit%20Test/Stubs/DNKTDB2X_RPTFILE_WRITE_01.stub.12" name="Record 13: Check for EMP_DTL_SLASH2"/>
    <testcase classname="Unit%20Test/Stubs/DNKTDB2X_RPTFILE_WRITE_01.stub.Unit%20Test/Stubs/DNKTDB2X_RPTFILE_WRITE_01.stub.12" name="Record 13: Check for EMP_DTL_HIRE_YY"/>
    <testcase classname="Unit%20Test/Stubs/DNKTDB2X_RPTFILE_WRITE_01.stub.Unit%20Test/Stubs/DNKTDB2X_RPTFILE_WRITE_01.stub.12" name="Record 13: Check for FILLER4"/>
    <testcase classname="Unit%20Test/Stubs/DNKTDB2X_RPTFILE_WRITE_01.stub.Unit%20Test/Stubs/DNKTDB2X_RPTFILE_WRITE_01.stub.12" name="Record 13: Check for EMP_DTL_YRS_OF_SERVICE"/>
    <testcase classname="Unit%20Test/Stubs/DNKTDB2X_RPTFILE_WRITE_01.stub.Unit%20Test/Stubs/DNKTDB2X_RPTFILE_WRITE_01.stub.12" name="Record 13: Check for FILLER5"/>
    <testcase classname="Unit%20Test/Stubs/DNKTDB2X_RPTFILE_WRITE_01.stub.Unit%20Test/Stubs/DNKTDB2X_RPTFILE_WRITE_01.stub.12" name="Record 13: Check for EMP_DTL_WAGES"/>
    <testcase classname="Unit%20Test/Stubs/DNKTDB2X_RPTFILE_WRITE_01.stub.Unit%20Test/Stubs/DNKTDB2X_RPTFILE_WRITE_01.stub.12" name="Record 13: Check for FILLER6"/>
    <testcase classname="Unit%20Test/Stubs/DNKTDB2X_RPTFILE_WRITE_01.stub.Unit%20Test/Stubs/DNKTDB2X_RPTFILE_WRITE_01.stub.12" name="Record 13: Check for EMP_DTL_OT"/>
    <testcase classname="Unit%20Test/Stubs/DNKTDB2X_RPTFILE_WRITE_01.stub.Unit%20Test/Stubs/DNKTDB2X_RPTFILE_WRITE_01.stub.12" name="Record 13: Check for FILLER7"/>
    <testcase classname="Unit%20Test/Stubs/DNKTDB2X_RPTFILE_WRITE_01.stub.Unit%20Test/Stubs/DNKTDB2X_RPTFILE_WRITE_01.stub.12" name="Record 13: Check for EMP_DTL_COMM"/>
    <testcase classname="Unit%20Test/Stubs/DNKTDB2X_RPTFILE_WRITE_01.stub.Unit%20Test/Stubs/DNKTDB2X_RPTFILE_WRITE_01.stub.12" name="Record 13: Check for FILLER8"/>
    <testcase classname="Unit%20Test/Stubs/DNKTDB2X_RPTFILE_WRITE_01.stub.Unit%20Test/Stubs/DNKTDB2X_RPTFILE_WRITE_01.stub.12" name="Record 13: Check for EMP_DTL_TOTAL"/>
    <testcase classname="Unit%20Test/Stubs/DNKTDB2X_RPTFILE_WRITE_01.stub.Unit%20Test/Stubs/DNKTDB2X_RPTFILE_WRITE_01.stub.13" name="Record 14: Check for FILLER0"/>
    <testcase classname="Unit%20Test/Stubs/DNKTDB2X_RPTFILE_WRITE_01.stub.Unit%20Test/Stubs/DNKTDB2X_RPTFILE_WRITE_01.stub.13" name="Record 14: Check for EMP_DTL_NAME"/>
    <testcase classname="Unit%20Test/Stubs/DNKTDB2X_RPTFILE_WRITE_01.stub.Unit%20Test/Stubs/DNKTDB2X_RPTFILE_WRITE_01.stub.13" name="Record 14: Check for FILLER1"/>
    <testcase classname="Unit%20Test/Stubs/DNKTDB2X_RPTFILE_WRITE_01.stub.Unit%20Test/Stubs/DNKTDB2X_RPTFILE_WRITE_01.stub.13" name="Record 14: Check for EMP_DTL_REGION"/>
    <testcase classname="Unit%20Test/Stubs/DNKTDB2X_RPTFILE_WRITE_01.stub.Unit%20Test/Stubs/DNKTDB2X_RPTFILE_WRITE_01.stub.13" name="Record 14: Check for FILLER2"/>
    <testcase classname="Unit%20Test/Stubs/DNKTDB2X_RPTFILE_WRITE_01.stub.Unit%20Test/Stubs/DNKTDB2X_RPTFILE_WRITE_01.stub.13" name="Record 14: Check for EMP_DTL_TYPE"/>
    <testcase classname="Unit%20Test/Stubs/DNKTDB2X_RPTFILE_WRITE_01.stub.Unit%20Test/Stubs/DNKTDB2X_RPTFILE_WRITE_01.stub.13" name="Record 14: Check for FILLER3"/>
    <testcase classname="Unit%20Test/Stubs/DNKTDB2X_RPTFILE_WRITE_01.stub.Unit%20Test/Stubs/DNKTDB2X_RPTFILE_WRITE_01.stub.13" name="Record 14: Check for EMP_DTL_HIRE_MM"/>
    <testcase classname="Unit%20Test/Stubs/DNKTDB2X_RPTFILE_WRITE_01.stub.Unit%20Test/Stubs/DNKTDB2X_RPTFILE_WRITE_01.stub.13" name="Record 14: Check for EMP_DTL_SLASH1"/>
    <testcase classname="Unit%20Test/Stubs/DNKTDB2X_RPTFILE_WRITE_01.stub.Unit%20Test/Stubs/DNKTDB2X_RPTFILE_WRITE_01.stub.13" name="Record 14: Check for EMP_DTL_HIRE_DD"/>
    <testcase classname="Unit%20Test/Stubs/DNKTDB2X_RPTFILE_WRITE_01.stub.Unit%20Test/Stubs/DNKTDB2X_RPTFILE_WRITE_01.stub.13" name="Record 14: Check for EMP_DTL_SLASH2"/>
    <testcase classname="Unit%20Test/Stubs/DNKTDB2X_RPTFILE_WRITE_01.stub.Unit%20Test/Stubs/DNKTDB2X_RPTFILE_WRITE_01.stub.13" name="Record 14: Check for EMP_DTL_HIRE_YY"/>
    <testcase classname="Unit%20Test/Stubs/DNKTDB2X_RPTFILE_WRITE_01.stub.Unit%20Test/Stubs/DNKTDB2X_RPTFILE_WRITE_01.stub.13" name="Record 14: Check for FILLER4"/>
    <testcase classname="Unit%20Test/Stubs/DNKTDB2X_RPTFILE_WRITE_01.stub.Unit%20Test/Stubs/DNKTDB2X_RPTFILE_WRITE_01.stub.13" name="Record 14: Check for EMP_DTL_YRS_OF_SERVICE"/>
    <testcase classname="Unit%20Test/Stubs/DNKTDB2X_RPTFILE_WRITE_01.stub.Unit%20Test/Stubs/DNKTDB2X_RPTFILE_WRITE_01.stub.13" name="Record 14: Check for FILLER5"/>
    <testcase classname="Unit%20Test/Stubs/DNKTDB2X_RPTFILE_WRITE_01.stub.Unit%20Test/Stubs/DNKTDB2X_RPTFILE_WRITE_01.stub.13" name="Record 14: Check for EMP_DTL_WAGES"/>
    <testcase classname="Unit%20Test/Stubs/DNKTDB2X_RPTFILE_WRITE_01.stub.Unit%20Test/Stubs/DNKTDB2X_RPTFILE_WRITE_01.stub.13" name="Record 14: Check for FILLER6"/>
    <testcase classname="Unit%20Test/Stubs/DNKTDB2X_RPTFILE_WRITE_01.stub.Unit%20Test/Stubs/DNKTDB2X_RPTFILE_WRITE_01.stub.13" name="Record 14: Check for EMP_DTL_OT"/>
    <testcase classname="Unit%20Test/Stubs/DNKTDB2X_RPTFILE_WRITE_01.stub.Unit%20Test/Stubs/DNKTDB2X_RPTFILE_WRITE_01.stub.13" name="Record 14: Check for FILLER7"/>
    <testcase classname="Unit%20Test/Stubs/DNKTDB2X_RPTFILE_WRITE_01.stub.Unit%20Test/Stubs/DNKTDB2X_RPTFILE_WRITE_01.stub.13" name="Record 14: Check for EMP_DTL_COMM"/>
    <testcase classname="Unit%20Test/Stubs/DNKTDB2X_RPTFILE_WRITE_01.stub.Unit%20Test/Stubs/DNKTDB2X_RPTFILE_WRITE_01.stub.13" name="Record 14: Check for FILLER8"/>
    <testcase classname="Unit%20Test/Stubs/DNKTDB2X_RPTFILE_WRITE_01.stub.Unit%20Test/Stubs/DNKTDB2X_RPTFILE_WRITE_01.stub.13" name="Record 14: Check for EMP_DTL_TOTAL"/>
    <testcase classname="Unit%20Test/Stubs/DNKTDB2X_RPTFILE_WRITE_01.stub.Unit%20Test/Stubs/DNKTDB2X_RPTFILE_WRITE_01.stub.14" name="Record 15: Check for FILLER0"/>
    <testcase classname="Unit%20Test/Stubs/DNKTDB2X_RPTFILE_WRITE_01.stub.Unit%20Test/Stubs/DNKTDB2X_RPTFILE_WRITE_01.stub.14" name="Record 15: Check for EMP_DTL_NAME"/>
    <testcase classname="Unit%20Test/Stubs/DNKTDB2X_RPTFILE_WRITE_01.stub.Unit%20Test/Stubs/DNKTDB2X_RPTFILE_WRITE_01.stub.14" name="Record 15: Check for FILLER1"/>
    <testcase classname="Unit%20Test/Stubs/DNKTDB2X_RPTFILE_WRITE_01.stub.Unit%20Test/Stubs/DNKTDB2X_RPTFILE_WRITE_01.stub.14" name="Record 15: Check for EMP_DTL_REGION"/>
    <testcase classname="Unit%20Test/Stubs/DNKTDB2X_RPTFILE_WRITE_01.stub.Unit%20Test/Stubs/DNKTDB2X_RPTFILE_WRITE_01.stub.14" name="Record 15: Check for FILLER2"/>
    <testcase classname="Unit%20Test/Stubs/DNKTDB2X_RPTFILE_WRITE_01.stub.Unit%20Test/Stubs/DNKTDB2X_RPTFILE_WRITE_01.stub.14" name="Record 15: Check for EMP_DTL_TYPE"/>
    <testcase classname="Unit%20Test/Stubs/DNKTDB2X_RPTFILE_WRITE_01.stub.Unit%20Test/Stubs/DNKTDB2X_RPTFILE_WRITE_01.stub.14" name="Record 15: Check for FILLER3"/>
    <testcase classname="Unit%20Test/Stubs/DNKTDB2X_RPTFILE_WRITE_01.stub.Unit%20Test/Stubs/DNKTDB2X_RPTFILE_WRITE_01.stub.14" name="Record 15: Check for EMP_DTL_HIRE_MM"/>
    <testcase classname="Unit%20Test/Stubs/DNKTDB2X_RPTFILE_WRITE_01.stub.Unit%20Test/Stubs/DNKTDB2X_RPTFILE_WRITE_01.stub.14" name="Record 15: Check for EMP_DTL_SLASH1"/>
    <testcase classname="Unit%20Test/Stubs/DNKTDB2X_RPTFILE_WRITE_01.stub.Unit%20Test/Stubs/DNKTDB2X_RPTFILE_WRITE_01.stub.14" name="Record 15: Check for EMP_DTL_HIRE_DD"/>
    <testcase classname="Unit%20Test/Stubs/DNKTDB2X_RPTFILE_WRITE_01.stub.Unit%20Test/Stubs/DNKTDB2X_RPTFILE_WRITE_01.stub.14" name="Record 15: Check for EMP_DTL_SLASH2"/>
    <testcase classname="Unit%20Test/Stubs/DNKTDB2X_RPTFILE_WRITE_01.stub.Unit%20Test/Stubs/DNKTDB2X_RPTFILE_WRITE_01.stub.14" name="Record 15: Check for EMP_DTL_HIRE_YY"/>
    <testcase classname="Unit%20Test/Stubs/DNKTDB2X_RPTFILE_WRITE_01.stub.Unit%20Test/Stubs/DNKTDB2X_RPTFILE_WRITE_01.stub.14" name="Record 15: Check for FILLER4"/>
    <testcase classname="Unit%20Test/Stubs/DNKTDB2X_RPTFILE_WRITE_01.stub.Unit%20Test/Stubs/DNKTDB2X_RPTFILE_WRITE_01.stub.14" name="Record 15: Check for EMP_DTL_YRS_OF_SERVICE"/>
    <testcase classname="Unit%20Test/Stubs/DNKTDB2X_RPTFILE_WRITE_01.stub.Unit%20Test/Stubs/DNKTDB2X_RPTFILE_WRITE_01.stub.14" name="Record 15: Check for FILLER5"/>
    <testcase classname="Unit%20Test/Stubs/DNKTDB2X_RPTFILE_WRITE_01.stub.Unit%20Test/Stubs/DNKTDB2X_RPTFILE_WRITE_01.stub.14" name="Record 15: Check for EMP_DTL_WAGES"/>
    <testcase classname="Unit%20Test/Stubs/DNKTDB2X_RPTFILE_WRITE_01.stub.Unit%20Test/Stubs/DNKTDB2X_RPTFILE_WRITE_01.stub.14" name="Record 15: Check for FILLER6"/>
    <testcase classname="Unit%20Test/Stubs/DNKTDB2X_RPTFILE_WRITE_01.stub.Unit%20Test/Stubs/DNKTDB2X_RPTFILE_WRITE_01.stub.14" name="Record 15: Check for EMP_DTL_OT"/>
    <testcase classname="Unit%20Test/Stubs/DNKTDB2X_RPTFILE_WRITE_01.stub.Unit%20Test/Stubs/DNKTDB2X_RPTFILE_WRITE_01.stub.14" name="Record 15: Check for FILLER7"/>
    <testcase classname="Unit%20Test/Stubs/DNKTDB2X_RPTFILE_WRITE_01.stub.Unit%20Test/Stubs/DNKTDB2X_RPTFILE_WRITE_01.stub.14" name="Record 15: Check for EMP_DTL_COMM"/>
    <testcase classname="Unit%20Test/Stubs/DNKTDB2X_RPTFILE_WRITE_01.stub.Unit%20Test/Stubs/DNKTDB2X_RPTFILE_WRITE_01.stub.14" name="Record 15: Check for FILLER8"/>
    <testcase classname="Unit%20Test/Stubs/DNKTDB2X_RPTFILE_WRITE_01.stub.Unit%20Test/Stubs/DNKTDB2X_RPTFILE_WRITE_01.stub.14" name="Record 15: Check for EMP_DTL_TOTAL"/>
    <testcase classname="Unit%20Test/Stubs/DNKTDB2X_RPTFILE_WRITE_01.stub.Unit%20Test/Stubs/DNKTDB2X_RPTFILE_WRITE_01.stub.15" name="Record 16: Check for FILLER0"/>
    <testcase classname="Unit%20Test/Stubs/DNKTDB2X_RPTFILE_WRITE_01.stub.Unit%20Test/Stubs/DNKTDB2X_RPTFILE_WRITE_01.stub.15" name="Record 16: Check for EMP_DTL_NAME"/>
    <testcase classname="Unit%20Test/Stubs/DNKTDB2X_RPTFILE_WRITE_01.stub.Unit%20Test/Stubs/DNKTDB2X_RPTFILE_WRITE_01.stub.15" name="Record 16: Check for FILLER1"/>
    <testcase classname="Unit%20Test/Stubs/DNKTDB2X_RPTFILE_WRITE_01.stub.Unit%20Test/Stubs/DNKTDB2X_RPTFILE_WRITE_01.stub.15" name="Record 16: Check for EMP_DTL_REGION"/>
    <testcase classname="Unit%20Test/Stubs/DNKTDB2X_RPTFILE_WRITE_01.stub.Unit%20Test/Stubs/DNKTDB2X_RPTFILE_WRITE_01.stub.15" name="Record 16: Check for FILLER2"/>
    <testcase classname="Unit%20Test/Stubs/DNKTDB2X_RPTFILE_WRITE_01.stub.Unit%20Test/Stubs/DNKTDB2X_RPTFILE_WRITE_01.stub.15" name="Record 16: Check for EMP_DTL_TYPE"/>
    <testcase classname="Unit%20Test/Stubs/DNKTDB2X_RPTFILE_WRITE_01.stub.Unit%20Test/Stubs/DNKTDB2X_RPTFILE_WRITE_01.stub.15" name="Record 16: Check for FILLER3"/>
    <testcase classname="Unit%20Test/Stubs/DNKTDB2X_RPTFILE_WRITE_01.stub.Unit%20Test/Stubs/DNKTDB2X_RPTFILE_WRITE_01.stub.15" name="Record 16: Check for EMP_DTL_HIRE_MM"/>
    <testcase classname="Unit%20Test/Stubs/DNKTDB2X_RPTFILE_WRITE_01.stub.Unit%20Test/Stubs/DNKTDB2X_RPTFILE_WRITE_01.stub.15" name="Record 16: Check for EMP_DTL_SLASH1"/>
    <testcase classname="Unit%20Test/Stubs/DNKTDB2X_RPTFILE_WRITE_01.stub.Unit%20Test/Stubs/DNKTDB2X_RPTFILE_WRITE_01.stub.15" name="Record 16: Check for EMP_DTL_HIRE_DD"/>
    <testcase classname="Unit%20Test/Stubs/DNKTDB2X_RPTFILE_WRITE_01.stub.Unit%20Test/Stubs/DNKTDB2X_RPTFILE_WRITE_01.stub.15" name="Record 16: Check for EMP_DTL_SLASH2"/>
    <testcase classname="Unit%20Test/Stubs/DNKTDB2X_RPTFILE_WRITE_01.stub.Unit%20Test/Stubs/DNKTDB2X_RPTFILE_WRITE_01.stub.15" name="Record 16: Check for EMP_DTL_HIRE_YY"/>
    <testcase classname="Unit%20Test/Stubs/DNKTDB2X_RPTFILE_WRITE_01.stub.Unit%20Test/Stubs/DNKTDB2X_RPTFILE_WRITE_01.stub.15" name="Record 16: Check for FILLER4"/>
    <testcase classname="Unit%20Test/Stubs/DNKTDB2X_RPTFILE_WRITE_01.stub.Unit%20Test/Stubs/DNKTDB2X_RPTFILE_WRITE_01.stub.15" name="Record 16: Check for EMP_DTL_YRS_OF_SERVICE"/>
    <testcase classname="Unit%20Test/Stubs/DNKTDB2X_RPTFILE_WRITE_01.stub.Unit%20Test/Stubs/DNKTDB2X_RPTFILE_WRITE_01.stub.15" name="Record 16: Check for FILLER5"/>
    <testcase classname="Unit%20Test/Stubs/DNKTDB2X_RPTFILE_WRITE_01.stub.Unit%20Test/Stubs/DNKTDB2X_RPTFILE_WRITE_01.stub.15" name="Record 16: Check for EMP_DTL_WAGES"/>
    <testcase classname="Unit%20Test/Stubs/DNKTDB2X_RPTFILE_WRITE_01.stub.Unit%20Test/Stubs/DNKTDB2X_RPTFILE_WRITE_01.stub.15" name="Record 16: Check for FILLER6"/>
    <testcase classname="Unit%20Test/Stubs/DNKTDB2X_RPTFILE_WRITE_01.stub.Unit%20Test/Stubs/DNKTDB2X_RPTFILE_WRITE_01.stub.15" name="Record 16: Check for EMP_DTL_OT"/>
    <testcase classname="Unit%20Test/Stubs/DNKTDB2X_RPTFILE_WRITE_01.stub.Unit%20Test/Stubs/DNKTDB2X_RPTFILE_WRITE_01.stub.15" name="Record 16: Check for FILLER7"/>
    <testcase classname="Unit%20Test/Stubs/DNKTDB2X_RPTFILE_WRITE_01.stub.Unit%20Test/Stubs/DNKTDB2X_RPTFILE_WRITE_01.stub.15" name="Record 16: Check for EMP_DTL_COMM"/>
    <testcase classname="Unit%20Test/Stubs/DNKTDB2X_RPTFILE_WRITE_01.stub.Unit%20Test/Stubs/DNKTDB2X_RPTFILE_WRITE_01.stub.15" name="Record 16: Check for FILLER8"/>
    <testcase classname="Unit%20Test/Stubs/DNKTDB2X_RPTFILE_WRITE_01.stub.Unit%20Test/Stubs/DNKTDB2X_RPTFILE_WRITE_01.stub.15" name="Record 16: Check for EMP_DTL_TOTAL"/>
    <testcase classname="Unit%20Test/Stubs/DNKTDB2X_RPTFILE_WRITE_01.stub.Unit%20Test/Stubs/DNKTDB2X_RPTFILE_WRITE_01.stub.16" name="Record 17: Check for BLANK_LINE"/>
    <testcase classname="Unit%20Test/Stubs/DNKTDB2X_RPTFILE_WRITE_01.stub.Unit%20Test/Stubs/DNKTDB2X_RPTFILE_WRITE_01.stub.17" name="Record 18: Check for FILLER0"/>
    <testcase classname="Unit%20Test/Stubs/DNKTDB2X_RPTFILE_WRITE_01.stub.Unit%20Test/Stubs/DNKTDB2X_RPTFILE_WRITE_01.stub.17" name="Record 18: Check for FILLER1"/>
    <testcase classname="Unit%20Test/Stubs/DNKTDB2X_RPTFILE_WRITE_01.stub.Unit%20Test/Stubs/DNKTDB2X_RPTFILE_WRITE_01.stub.17" name="Record 18: Check for FILLER2"/>
    <testcase classname="Unit%20Test/Stubs/DNKTDB2X_RPTFILE_WRITE_01.stub.Unit%20Test/Stubs/DNKTDB2X_RPTFILE_WRITE_01.stub.17" name="Record 18: Check for EMP_GRAND_TOTAL"/>
  </testsuite>
  <testsuite name="Stub Assertions: DNKTDB2X_ROLLBACK_1_SQL_01"/>
  <testsuite name="Stub Assertions: DNKTDB2X_Select_1_SQL_01"/>
  <testsuite name="Stub Assertions: DNKTDB2X_EMPLOYEE_CURSOR_SQL_01">
    <testcase classname="Unit%20Test/Stubs/DNKTDB2X_EMPLOYEE_CURSOR_SQL_01.stub.2" name="Record 0: Check for WAGES"/>
    <testcase classname="Unit%20Test/Stubs/DNKTDB2X_EMPLOYEE_CURSOR_SQL_01.stub.2" name="Record 0: Check for OVERTIME"/>
    <testcase classname="Unit%20Test/Stubs/DNKTDB2X_EMPLOYEE_CURSOR_SQL_01.stub.2" name="Record 0: Check for COMM"/>
    <testcase classname="Unit%20Test/Stubs/DNKTDB2X_EMPLOYEE_CURSOR_SQL_01.stub.6" name="Record 0: Check for WAGES"/>
    <testcase classname="Unit%20Test/Stubs/DNKTDB2X_EMPLOYEE_CURSOR_SQL_01.stub.6" name="Record 0: Check for OVERTIME"/>
    <testcase classname="Unit%20Test/Stubs/DNKTDB2X_EMPLOYEE_CURSOR_SQL_01.stub.6" name="Record 0: Check for COMM"/>
    <testcase classname="Unit%20Test/Stubs/DNKTDB2X_EMPLOYEE_CURSOR_SQL_01.stub.10" name="Record 0: Check for WAGES"/>
    <testcase classname="Unit%20Test/Stubs/DNKTDB2X_EMPLOYEE_CURSOR_SQL_01.stub.10" name="Record 0: Check for OVERTIME"/>
    <testcase classname="Unit%20Test/Stubs/DNKTDB2X_EMPLOYEE_CURSOR_SQL_01.stub.10" name="Record 0: Check for COMM"/>
    <testcase classname="Unit%20Test/Stubs/DNKTDB2X_EMPLOYEE_CURSOR_SQL_01.stub.14" name="Record 0: Check for WAGES"/>
    <testcase classname="Unit%20Test/Stubs/DNKTDB2X_EMPLOYEE_CURSOR_SQL_01.stub.14" name="Record 0: Check for OVERTIME"/>
    <testcase classname="Unit%20Test/Stubs/DNKTDB2X_EMPLOYEE_CURSOR_SQL_01.stub.14" name="Record 0: Check for COMM"/>
    <testcase classname="Unit%20Test/Stubs/DNKTDB2X_EMPLOYEE_CURSOR_SQL_01.stub.18" name="Record 0: Check for WAGES"/>
    <testcase classname="Unit%20Test/Stubs/DNKTDB2X_EMPLOYEE_CURSOR_SQL_01.stub.18" name="Record 0: Check for OVERTIME"/>
    <testcase classname="Unit%20Test/Stubs/DNKTDB2X_EMPLOYEE_CURSOR_SQL_01.stub.18" name="Record 0: Check for COMM"/>
    <testcase classname="Unit%20Test/Stubs/DNKTDB2X_EMPLOYEE_CURSOR_SQL_01.stub.22" name="Record 0: Check for WAGES"/>
    <testcase classname="Unit%20Test/Stubs/DNKTDB2X_EMPLOYEE_CURSOR_SQL_01.stub.22" name="Record 0: Check for OVERTIME"/>
    <testcase classname="Unit%20Test/Stubs/DNKTDB2X_EMPLOYEE_CURSOR_SQL_01.stub.22" name="Record 0: Check for COMM"/>
  </testsuite>
  <testsuite name="Stub Assertions: DNKTDB2X_Update_1_SQL_01">
    <testcase classname="Unit%20Test/Stubs/DNKTDB2X_Update_1_SQL_01.stub.Unit%20Test/Stubs/DNKTDB2X_Update_1_SQL_01.stub.0" name="Record 1: Check for WAGES"/>
    <testcase classname="Unit%20Test/Stubs/DNKTDB2X_Update_1_SQL_01.stub.Unit%20Test/Stubs/DNKTDB2X_Update_1_SQL_01.stub.0" name="Record 1: Check for OVERTIME"/>
    <testcase classname="Unit%20Test/Stubs/DNKTDB2X_Update_1_SQL_01.stub.Unit%20Test/Stubs/DNKTDB2X_Update_1_SQL_01.stub.0" name="Record 1: Check for COMM"/>
    <testcase classname="Unit%20Test/Stubs/DNKTDB2X_Update_1_SQL_01.stub.Unit%20Test/Stubs/DNKTDB2X_Update_1_SQL_01.stub.0" name="Record 1: Check for EMP_NUM"/>
  </testsuite>
  <testsuite name="Stub Assertions: DNKTDB2X_Insert_1_SQL_01">
    <testcase classname="Unit%20Test/Stubs/DNKTDB2X_Insert_1_SQL_01.stub.Unit%20Test/Stubs/DNKTDB2X_Insert_1_SQL_01.stub.0" name="Record 1: Check for EMP_NUM"/>
    <testcase classname="Unit%20Test/Stubs/DNKTDB2X_Insert_1_SQL_01.stub.Unit%20Test/Stubs/DNKTDB2X_Insert_1_SQL_01.stub.0" name="Record 1: Check for WA_EMP_TYPE"/>
    <testcase classname="Unit%20Test/Stubs/DNKTDB2X_Insert_1_SQL_01.stub.Unit%20Test/Stubs/DNKTDB2X_Insert_1_SQL_01.stub.0" name="Record 1: Check for REGION"/>
    <testcase classname="Unit%20Test/Stubs/DNKTDB2X_Insert_1_SQL_01.stub.Unit%20Test/Stubs/DNKTDB2X_Insert_1_SQL_01.stub.0" name="Record 1: Check for WA_EMP_NAME"/>
    <testcase classname="Unit%20Test/Stubs/DNKTDB2X_Insert_1_SQL_01.stub.Unit%20Test/Stubs/DNKTDB2X_Insert_1_SQL_01.stub.0" name="Record 1: Check for WA_EMP_STREET"/>
    <testcase classname="Unit%20Test/Stubs/DNKTDB2X_Insert_1_SQL_01.stub.Unit%20Test/Stubs/DNKTDB2X_Insert_1_SQL_01.stub.0" name="Record 1: Check for WA_EMP_CITY"/>
    <testcase classname="Unit%20Test/Stubs/DNKTDB2X_Insert_1_SQL_01.stub.Unit%20Test/Stubs/DNKTDB2X_Insert_1_SQL_01.stub.0" name="Record 1: Check for WA_EMP_STATE"/>
    <testcase classname="Unit%20Test/Stubs/DNKTDB2X_Insert_1_SQL_01.stub.Unit%20Test/Stubs/DNKTDB2X_Insert_1_SQL_01.stub.0" name="Record 1: Check for WA_EMP_ZIP"/>
    <testcase classname="Unit%20Test/Stubs/DNKTDB2X_Insert_1_SQL_01.stub.Unit%20Test/Stubs/DNKTDB2X_Insert_1_SQL_01.stub.0" name="Record 1: Check for HIREDATE"/>
    <testcase classname="Unit%20Test/Stubs/DNKTDB2X_Insert_1_SQL_01.stub.Unit%20Test/Stubs/DNKTDB2X_Insert_1_SQL_01.stub.0" name="Record 1: Check for HOURS"/>
    <testcase classname="Unit%20Test/Stubs/DNKTDB2X_Insert_1_SQL_01.stub.Unit%20Test/Stubs/DNKTDB2X_Insert_1_SQL_01.stub.0" name="Record 1: Check for RATE"/>
  </testsuite>
</testsuites>